<?xml version="1.0" encoding="UTF-8"?>
<testsuite xmlns:xsi="http://www.w3.org/2001/XMLSchema-instance" xsi:noNamespaceSchemaLocation="https://maven.apache.org/surefire/maven-surefire-plugin/xsd/surefire-test-report.xsd" name="com.selenium.assignment.selenium_assingment.AppTest" time="0.008" tests="1" errors="0" skipped="0" failures="0">
  <properties>
    <property name="gopherProxySet" value="false"/>
    <property name="awt.toolkit" value="sun.lwawt.macosx.LWCToolkit"/>
    <property name="java.specification.version" value="11"/>
    <property name="sun.cpu.isalist" value=""/>
    <property name="sun.jnu.encoding" value="UTF-8"/>
    <property name="java.class.path" value="/Users/parthasarathysundararajan/devopsbootcamp/selenium_assignment/selenium-assingment/target/test-classes:/Users/parthasarathysundararajan/devopsbootcamp/selenium_assignment/selenium-assingment/target/classes:/Users/parthasarathysundararajan/.m2/repository/junit/junit/4.11/junit-4.11.jar:/Users/parthasarathysundararajan/.m2/repository/org/hamcrest/hamcrest-core/1.3/hamcrest-core-1.3.jar:/Users/parthasarathysundararajan/.m2/repository/org/seleniumhq/selenium/selenium-java/4.13.0/selenium-java-4.13.0.jar:/Users/parthasarathysundararajan/.m2/repository/org/seleniumhq/selenium/selenium-api/4.13.0/selenium-api-4.13.0.jar:/Users/parthasarathysundararajan/.m2/repository/org/seleniumhq/selenium/selenium-chrome-driver/4.13.0/selenium-chrome-driver-4.13.0.jar:/Users/parthasarathysundararajan/.m2/repository/com/google/auto/service/auto-service-annotations/1.1.1/auto-service-annotations-1.1.1.jar:/Users/parthasarathysundararajan/.m2/repository/com/google/guava/guava/32.1.2-jre/guava-32.1.2-jre.jar:/Users/parthasarathysundararajan/.m2/repository/com/google/guava/failureaccess/1.0.1/failureaccess-1.0.1.jar:/Users/parthasarathysundararajan/.m2/repository/com/google/guava/listenablefuture/9999.0-empty-to-avoid-conflict-with-guava/listenablefuture-9999.0-empty-to-avoid-conflict-with-guava.jar:/Users/parthasarathysundararajan/.m2/repository/com/google/code/findbugs/jsr305/3.0.2/jsr305-3.0.2.jar:/Users/parthasarathysundararajan/.m2/repository/org/checkerframework/checker-qual/3.33.0/checker-qual-3.33.0.jar:/Users/parthasarathysundararajan/.m2/repository/com/google/errorprone/error_prone_annotations/2.18.0/error_prone_annotations-2.18.0.jar:/Users/parthasarathysundararajan/.m2/repository/com/google/j2objc/j2objc-annotations/2.8/j2objc-annotations-2.8.jar:/Users/parthasarathysundararajan/.m2/repository/org/seleniumhq/selenium/selenium-chromium-driver/4.13.0/selenium-chromium-driver-4.13.0.jar:/Users/parthasarathysundararajan/.m2/repository/org/seleniumhq/selenium/selenium-json/4.13.0/selenium-json-4.13.0.jar:/Users/parthasarathysundararajan/.m2/repository/org/seleniumhq/selenium/selenium-manager/4.13.0/selenium-manager-4.13.0.jar:/Users/parthasarathysundararajan/.m2/repository/org/seleniumhq/selenium/selenium-devtools-v115/4.13.0/selenium-devtools-v115-4.13.0.jar:/Users/parthasarathysundararajan/.m2/repository/org/seleniumhq/selenium/selenium-devtools-v116/4.13.0/selenium-devtools-v116-4.13.0.jar:/Users/parthasarathysundararajan/.m2/repository/org/seleniumhq/selenium/selenium-devtools-v117/4.13.0/selenium-devtools-v117-4.13.0.jar:/Users/parthasarathysundararajan/.m2/repository/org/seleniumhq/selenium/selenium-devtools-v85/4.13.0/selenium-devtools-v85-4.13.0.jar:/Users/parthasarathysundararajan/.m2/repository/org/seleniumhq/selenium/selenium-edge-driver/4.13.0/selenium-edge-driver-4.13.0.jar:/Users/parthasarathysundararajan/.m2/repository/org/seleniumhq/selenium/selenium-firefox-driver/4.13.0/selenium-firefox-driver-4.13.0.jar:/Users/parthasarathysundararajan/.m2/repository/org/seleniumhq/selenium/selenium-http/4.13.0/selenium-http-4.13.0.jar:/Users/parthasarathysundararajan/.m2/repository/dev/failsafe/failsafe/3.3.2/failsafe-3.3.2.jar:/Users/parthasarathysundararajan/.m2/repository/org/seleniumhq/selenium/selenium-ie-driver/4.13.0/selenium-ie-driver-4.13.0.jar:/Users/parthasarathysundararajan/.m2/repository/org/seleniumhq/selenium/selenium-remote-driver/4.13.0/selenium-remote-driver-4.13.0.jar:/Users/parthasarathysundararajan/.m2/repository/io/netty/netty-buffer/4.1.96.Final/netty-buffer-4.1.96.Final.jar:/Users/parthasarathysundararajan/.m2/repository/io/netty/netty-codec-http/4.1.96.Final/netty-codec-http-4.1.96.Final.jar:/Users/parthasarathysundararajan/.m2/repository/io/netty/netty-codec/4.1.96.Final/netty-codec-4.1.96.Final.jar:/Users/parthasarathysundararajan/.m2/repository/io/netty/netty-handler/4.1.96.Final/netty-handler-4.1.96.Final.jar:/Users/parthasarathysundararajan/.m2/repository/io/netty/netty-common/4.1.96.Final/netty-common-4.1.96.Final.jar:/Users/parthasarathysundararajan/.m2/repository/io/netty/netty-transport-classes-epoll/4.1.96.Final/netty-transport-classes-epoll-4.1.96.Final.jar:/Users/parthasarathysundararajan/.m2/repository/io/netty/netty-transport-classes-kqueue/4.1.96.Final/netty-transport-classes-kqueue-4.1.96.Final.jar:/Users/parthasarathysundararajan/.m2/repository/io/netty/netty-transport-native-epoll/4.1.96.Final/netty-transport-native-epoll-4.1.96.Final.jar:/Users/parthasarathysundararajan/.m2/repository/io/netty/netty-transport-native-kqueue/4.1.96.Final/netty-transport-native-kqueue-4.1.96.Final.jar:/Users/parthasarathysundararajan/.m2/repository/io/netty/netty-transport-native-unix-common/4.1.96.Final/netty-transport-native-unix-common-4.1.96.Final.jar:/Users/parthasarathysundararajan/.m2/repository/io/netty/netty-transport/4.1.96.Final/netty-transport-4.1.96.Final.jar:/Users/parthasarathysundararajan/.m2/repository/io/netty/netty-resolver/4.1.96.Final/netty-resolver-4.1.96.Final.jar:/Users/parthasarathysundararajan/.m2/repository/io/opentelemetry/opentelemetry-api/1.28.0/opentelemetry-api-1.28.0.jar:/Users/parthasarathysundararajan/.m2/repository/io/opentelemetry/opentelemetry-context/1.28.0/opentelemetry-context-1.28.0.jar:/Users/parthasarathysundararajan/.m2/repository/io/opentelemetry/opentelemetry-exporter-logging/1.28.0/opentelemetry-exporter-logging-1.28.0.jar:/Users/parthasarathysundararajan/.m2/repository/io/opentelemetry/opentelemetry-sdk-metrics/1.28.0/opentelemetry-sdk-metrics-1.28.0.jar:/Users/parthasarathysundararajan/.m2/repository/io/opentelemetry/opentelemetry-extension-incubator/1.28.0-alpha/opentelemetry-extension-incubator-1.28.0-alpha.jar:/Users/parthasarathysundararajan/.m2/repository/io/opentelemetry/opentelemetry-sdk-logs/1.28.0/opentelemetry-sdk-logs-1.28.0.jar:/Users/parthasarathysundararajan/.m2/repository/io/opentelemetry/opentelemetry-sdk-common/1.28.0/opentelemetry-sdk-common-1.28.0.jar:/Users/parthasarathysundararajan/.m2/repository/io/opentelemetry/opentelemetry-sdk-extension-autoconfigure-spi/1.28.0/opentelemetry-sdk-extension-autoconfigure-spi-1.28.0.jar:/Users/parthasarathysundararajan/.m2/repository/io/opentelemetry/opentelemetry-sdk-extension-autoconfigure/1.28.0/opentelemetry-sdk-extension-autoconfigure-1.28.0.jar:/Users/parthasarathysundararajan/.m2/repository/io/opentelemetry/opentelemetry-api-events/1.28.0-alpha/opentelemetry-api-events-1.28.0-alpha.jar:/Users/parthasarathysundararajan/.m2/repository/io/opentelemetry/opentelemetry-sdk-trace/1.28.0/opentelemetry-sdk-trace-1.28.0.jar:/Users/parthasarathysundararajan/.m2/repository/io/opentelemetry/opentelemetry-sdk/1.28.0/opentelemetry-sdk-1.28.0.jar:/Users/parthasarathysundararajan/.m2/repository/io/opentelemetry/opentelemetry-semconv/1.28.0-alpha/opentelemetry-semconv-1.28.0-alpha.jar:/Users/parthasarathysundararajan/.m2/repository/net/bytebuddy/byte-buddy/1.14.5/byte-buddy-1.14.5.jar:/Users/parthasarathysundararajan/.m2/repository/org/asynchttpclient/async-http-client/2.12.3/async-http-client-2.12.3.jar:/Users/parthasarathysundararajan/.m2/repository/org/asynchttpclient/async-http-client-netty-utils/2.12.3/async-http-client-netty-utils-2.12.3.jar:/Users/parthasarathysundararajan/.m2/repository/io/netty/netty-codec-socks/4.1.60.Final/netty-codec-socks-4.1.60.Final.jar:/Users/parthasarathysundararajan/.m2/repository/io/netty/netty-handler-proxy/4.1.60.Final/netty-handler-proxy-4.1.60.Final.jar:/Users/parthasarathysundararajan/.m2/repository/io/netty/netty-transport-native-epoll/4.1.60.Final/netty-transport-native-epoll-4.1.60.Final-linux-x86_64.jar:/Users/parthasarathysundararajan/.m2/repository/io/netty/netty-transport-native-kqueue/4.1.60.Final/netty-transport-native-kqueue-4.1.60.Final-osx-x86_64.jar:/Users/parthasarathysundararajan/.m2/repository/org/reactivestreams/reactive-streams/1.0.3/reactive-streams-1.0.3.jar:/Users/parthasarathysundararajan/.m2/repository/com/typesafe/netty/netty-reactive-streams/2.0.4/netty-reactive-streams-2.0.4.jar:/Users/parthasarathysundararajan/.m2/repository/org/slf4j/slf4j-api/1.7.30/slf4j-api-1.7.30.jar:/Users/parthasarathysundararajan/.m2/repository/com/sun/activation/jakarta.activation/1.2.2/jakarta.activation-1.2.2.jar:/Users/parthasarathysundararajan/.m2/repository/org/seleniumhq/selenium/selenium-os/4.13.0/selenium-os-4.13.0.jar:/Users/parthasarathysundararajan/.m2/repository/org/apache/commons/commons-exec/1.3/commons-exec-1.3.jar:/Users/parthasarathysundararajan/.m2/repository/org/seleniumhq/selenium/selenium-safari-driver/4.13.0/selenium-safari-driver-4.13.0.jar:/Users/parthasarathysundararajan/.m2/repository/org/seleniumhq/selenium/selenium-support/4.13.0/selenium-support-4.13.0.jar:"/>
    <property name="java.vm.vendor" value="Apple Inc."/>
    <property name="sun.arch.data.model" value="64"/>
    <property name="java.vendor.url" value="https://java.apple.com"/>
    <property name="user.timezone" value=""/>
    <property name="java.vm.specification.version" value="11"/>
    <property name="os.name" value="Mac OS X"/>
    <property name="sun.java.launcher" value="SUN_STANDARD"/>
    <property name="user.country" value="US"/>
    <property name="sun.boot.library.path" value="/Library/Java/JavaVirtualMachines/applejdk-11.0.15.10.2.jdk/Contents/Home/lib"/>
    <property name="sun.java.command" value="/Users/parthasarathysundararajan/devopsbootcamp/selenium_assignment/selenium-assingment/target/surefire/surefirebooter9349903083438644503.jar /Users/parthasarathysundararajan/devopsbootcamp/selenium_assignment/selenium-assingment/target/surefire 2023-10-04T20-23-22_994-jvmRun1 surefire843118822125014683tmp surefire_09796697059182170609tmp"/>
    <property name="jdk.debug" value="release"/>
    <property name="surefire.test.class.path" value="/Users/parthasarathysundararajan/devopsbootcamp/selenium_assignment/selenium-assingment/target/test-classes:/Users/parthasarathysundararajan/devopsbootcamp/selenium_assignment/selenium-assingment/target/classes:/Users/parthasarathysundararajan/.m2/repository/junit/junit/4.11/junit-4.11.jar:/Users/parthasarathysundararajan/.m2/repository/org/hamcrest/hamcrest-core/1.3/hamcrest-core-1.3.jar:/Users/parthasarathysundararajan/.m2/repository/org/seleniumhq/selenium/selenium-java/4.13.0/selenium-java-4.13.0.jar:/Users/parthasarathysundararajan/.m2/repository/org/seleniumhq/selenium/selenium-api/4.13.0/selenium-api-4.13.0.jar:/Users/parthasarathysundararajan/.m2/repository/org/seleniumhq/selenium/selenium-chrome-driver/4.13.0/selenium-chrome-driver-4.13.0.jar:/Users/parthasarathysundararajan/.m2/repository/com/google/auto/service/auto-service-annotations/1.1.1/auto-service-annotations-1.1.1.jar:/Users/parthasarathysundararajan/.m2/repository/com/google/guava/guava/32.1.2-jre/guava-32.1.2-jre.jar:/Users/parthasarathysundararajan/.m2/repository/com/google/guava/failureaccess/1.0.1/failureaccess-1.0.1.jar:/Users/parthasarathysundararajan/.m2/repository/com/google/guava/listenablefuture/9999.0-empty-to-avoid-conflict-with-guava/listenablefuture-9999.0-empty-to-avoid-conflict-with-guava.jar:/Users/parthasarathysundararajan/.m2/repository/com/google/code/findbugs/jsr305/3.0.2/jsr305-3.0.2.jar:/Users/parthasarathysundararajan/.m2/repository/org/checkerframework/checker-qual/3.33.0/checker-qual-3.33.0.jar:/Users/parthasarathysundararajan/.m2/repository/com/google/errorprone/error_prone_annotations/2.18.0/error_prone_annotations-2.18.0.jar:/Users/parthasarathysundararajan/.m2/repository/com/google/j2objc/j2objc-annotations/2.8/j2objc-annotations-2.8.jar:/Users/parthasarathysundararajan/.m2/repository/org/seleniumhq/selenium/selenium-chromium-driver/4.13.0/selenium-chromium-driver-4.13.0.jar:/Users/parthasarathysundararajan/.m2/repository/org/seleniumhq/selenium/selenium-json/4.13.0/selenium-json-4.13.0.jar:/Users/parthasarathysundararajan/.m2/repository/org/seleniumhq/selenium/selenium-manager/4.13.0/selenium-manager-4.13.0.jar:/Users/parthasarathysundararajan/.m2/repository/org/seleniumhq/selenium/selenium-devtools-v115/4.13.0/selenium-devtools-v115-4.13.0.jar:/Users/parthasarathysundararajan/.m2/repository/org/seleniumhq/selenium/selenium-devtools-v116/4.13.0/selenium-devtools-v116-4.13.0.jar:/Users/parthasarathysundararajan/.m2/repository/org/seleniumhq/selenium/selenium-devtools-v117/4.13.0/selenium-devtools-v117-4.13.0.jar:/Users/parthasarathysundararajan/.m2/repository/org/seleniumhq/selenium/selenium-devtools-v85/4.13.0/selenium-devtools-v85-4.13.0.jar:/Users/parthasarathysundararajan/.m2/repository/org/seleniumhq/selenium/selenium-edge-driver/4.13.0/selenium-edge-driver-4.13.0.jar:/Users/parthasarathysundararajan/.m2/repository/org/seleniumhq/selenium/selenium-firefox-driver/4.13.0/selenium-firefox-driver-4.13.0.jar:/Users/parthasarathysundararajan/.m2/repository/org/seleniumhq/selenium/selenium-http/4.13.0/selenium-http-4.13.0.jar:/Users/parthasarathysundararajan/.m2/repository/dev/failsafe/failsafe/3.3.2/failsafe-3.3.2.jar:/Users/parthasarathysundararajan/.m2/repository/org/seleniumhq/selenium/selenium-ie-driver/4.13.0/selenium-ie-driver-4.13.0.jar:/Users/parthasarathysundararajan/.m2/repository/org/seleniumhq/selenium/selenium-remote-driver/4.13.0/selenium-remote-driver-4.13.0.jar:/Users/parthasarathysundararajan/.m2/repository/io/netty/netty-buffer/4.1.96.Final/netty-buffer-4.1.96.Final.jar:/Users/parthasarathysundararajan/.m2/repository/io/netty/netty-codec-http/4.1.96.Final/netty-codec-http-4.1.96.Final.jar:/Users/parthasarathysundararajan/.m2/repository/io/netty/netty-codec/4.1.96.Final/netty-codec-4.1.96.Final.jar:/Users/parthasarathysundararajan/.m2/repository/io/netty/netty-handler/4.1.96.Final/netty-handler-4.1.96.Final.jar:/Users/parthasarathysundararajan/.m2/repository/io/netty/netty-common/4.1.96.Final/netty-common-4.1.96.Final.jar:/Users/parthasarathysundararajan/.m2/repository/io/netty/netty-transport-classes-epoll/4.1.96.Final/netty-transport-classes-epoll-4.1.96.Final.jar:/Users/parthasarathysundararajan/.m2/repository/io/netty/netty-transport-classes-kqueue/4.1.96.Final/netty-transport-classes-kqueue-4.1.96.Final.jar:/Users/parthasarathysundararajan/.m2/repository/io/netty/netty-transport-native-epoll/4.1.96.Final/netty-transport-native-epoll-4.1.96.Final.jar:/Users/parthasarathysundararajan/.m2/repository/io/netty/netty-transport-native-kqueue/4.1.96.Final/netty-transport-native-kqueue-4.1.96.Final.jar:/Users/parthasarathysundararajan/.m2/repository/io/netty/netty-transport-native-unix-common/4.1.96.Final/netty-transport-native-unix-common-4.1.96.Final.jar:/Users/parthasarathysundararajan/.m2/repository/io/netty/netty-transport/4.1.96.Final/netty-transport-4.1.96.Final.jar:/Users/parthasarathysundararajan/.m2/repository/io/netty/netty-resolver/4.1.96.Final/netty-resolver-4.1.96.Final.jar:/Users/parthasarathysundararajan/.m2/repository/io/opentelemetry/opentelemetry-api/1.28.0/opentelemetry-api-1.28.0.jar:/Users/parthasarathysundararajan/.m2/repository/io/opentelemetry/opentelemetry-context/1.28.0/opentelemetry-context-1.28.0.jar:/Users/parthasarathysundararajan/.m2/repository/io/opentelemetry/opentelemetry-exporter-logging/1.28.0/opentelemetry-exporter-logging-1.28.0.jar:/Users/parthasarathysundararajan/.m2/repository/io/opentelemetry/opentelemetry-sdk-metrics/1.28.0/opentelemetry-sdk-metrics-1.28.0.jar:/Users/parthasarathysundararajan/.m2/repository/io/opentelemetry/opentelemetry-extension-incubator/1.28.0-alpha/opentelemetry-extension-incubator-1.28.0-alpha.jar:/Users/parthasarathysundararajan/.m2/repository/io/opentelemetry/opentelemetry-sdk-logs/1.28.0/opentelemetry-sdk-logs-1.28.0.jar:/Users/parthasarathysundararajan/.m2/repository/io/opentelemetry/opentelemetry-sdk-common/1.28.0/opentelemetry-sdk-common-1.28.0.jar:/Users/parthasarathysundararajan/.m2/repository/io/opentelemetry/opentelemetry-sdk-extension-autoconfigure-spi/1.28.0/opentelemetry-sdk-extension-autoconfigure-spi-1.28.0.jar:/Users/parthasarathysundararajan/.m2/repository/io/opentelemetry/opentelemetry-sdk-extension-autoconfigure/1.28.0/opentelemetry-sdk-extension-autoconfigure-1.28.0.jar:/Users/parthasarathysundararajan/.m2/repository/io/opentelemetry/opentelemetry-api-events/1.28.0-alpha/opentelemetry-api-events-1.28.0-alpha.jar:/Users/parthasarathysundararajan/.m2/repository/io/opentelemetry/opentelemetry-sdk-trace/1.28.0/opentelemetry-sdk-trace-1.28.0.jar:/Users/parthasarathysundararajan/.m2/repository/io/opentelemetry/opentelemetry-sdk/1.28.0/opentelemetry-sdk-1.28.0.jar:/Users/parthasarathysundararajan/.m2/repository/io/opentelemetry/opentelemetry-semconv/1.28.0-alpha/opentelemetry-semconv-1.28.0-alpha.jar:/Users/parthasarathysundararajan/.m2/repository/net/bytebuddy/byte-buddy/1.14.5/byte-buddy-1.14.5.jar:/Users/parthasarathysundararajan/.m2/repository/org/asynchttpclient/async-http-client/2.12.3/async-http-client-2.12.3.jar:/Users/parthasarathysundararajan/.m2/repository/org/asynchttpclient/async-http-client-netty-utils/2.12.3/async-http-client-netty-utils-2.12.3.jar:/Users/parthasarathysundararajan/.m2/repository/io/netty/netty-codec-socks/4.1.60.Final/netty-codec-socks-4.1.60.Final.jar:/Users/parthasarathysundararajan/.m2/repository/io/netty/netty-handler-proxy/4.1.60.Final/netty-handler-proxy-4.1.60.Final.jar:/Users/parthasarathysundararajan/.m2/repository/io/netty/netty-transport-native-epoll/4.1.60.Final/netty-transport-native-epoll-4.1.60.Final-linux-x86_64.jar:/Users/parthasarathysundararajan/.m2/repository/io/netty/netty-transport-native-kqueue/4.1.60.Final/netty-transport-native-kqueue-4.1.60.Final-osx-x86_64.jar:/Users/parthasarathysundararajan/.m2/repository/org/reactivestreams/reactive-streams/1.0.3/reactive-streams-1.0.3.jar:/Users/parthasarathysundararajan/.m2/repository/com/typesafe/netty/netty-reactive-streams/2.0.4/netty-reactive-streams-2.0.4.jar:/Users/parthasarathysundararajan/.m2/repository/org/slf4j/slf4j-api/1.7.30/slf4j-api-1.7.30.jar:/Users/parthasarathysundararajan/.m2/repository/com/sun/activation/jakarta.activation/1.2.2/jakarta.activation-1.2.2.jar:/Users/parthasarathysundararajan/.m2/repository/org/seleniumhq/selenium/selenium-os/4.13.0/selenium-os-4.13.0.jar:/Users/parthasarathysundararajan/.m2/repository/org/apache/commons/commons-exec/1.3/commons-exec-1.3.jar:/Users/parthasarathysundararajan/.m2/repository/org/seleniumhq/selenium/selenium-safari-driver/4.13.0/selenium-safari-driver-4.13.0.jar:/Users/parthasarathysundararajan/.m2/repository/org/seleniumhq/selenium/selenium-support/4.13.0/selenium-support-4.13.0.jar:"/>
    <property name="sun.cpu.endian" value="little"/>
    <property name="user.home" value="/Users/parthasarathysundararajan"/>
    <property name="user.language" value="en"/>
    <property name="java.specification.vendor" value="Oracle Corporation"/>
    <property name="java.version.date" value="2022-04-19"/>
    <property name="java.home" value="/Library/Java/JavaVirtualMachines/applejdk-11.0.15.10.2.jdk/Contents/Home"/>
    <property name="file.separator" value="/"/>
    <property name="basedir" value="/Users/parthasarathysundararajan/devopsbootcamp/selenium_assignment/selenium-assingment"/>
    <property name="java.vm.compressedOopsMode" value="Zero based"/>
    <property name="line.separator" value="&#10;"/>
    <property name="java.specification.name" value="Java Platform API Specification"/>
    <property name="java.vm.specification.vendor" value="Oracle Corporation"/>
    <property name="java.awt.graphicsenv" value="sun.awt.CGraphicsEnvironment"/>
    <property name="surefire.real.class.path" value="/Users/parthasarathysundararajan/devopsbootcamp/selenium_assignment/selenium-assingment/target/surefire/surefirebooter9349903083438644503.jar"/>
    <property name="sun.management.compiler" value="HotSpot 64-Bit Tiered Compilers"/>
    <property name="java.runtime.version" value="11.0.15+10-LTS"/>
    <property name="user.name" value="parthasarathysundararajan"/>
    <property name="path.separator" value=":"/>
    <property name="os.version" value="13.5.2"/>
    <property name="java.runtime.name" value="OpenJDK Runtime Environment"/>
    <property name="file.encoding" value="UTF-8"/>
    <property name="java.vm.name" value="OpenJDK 64-Bit Server VM"/>
    <property name="java.vendor.version" value="AppleJDK-11.0.15.10.2"/>
    <property name="localRepository" value="/Users/parthasarathysundararajan/.m2/repository"/>
    <property name="java.vendor.url.bug" value="https://rdar.apple.com/new/1003593"/>
    <property name="java.io.tmpdir" value="/var/folders/qp/h51453yj04712kd6_2g_dxt80000gq/T/"/>
    <property name="java.version" value="11.0.15"/>
    <property name="user.dir" value="/Users/parthasarathysundararajan/devopsbootcamp/selenium_assignment/selenium-assingment"/>
    <property name="os.arch" value="aarch64"/>
    <property name="java.vm.specification.name" value="Java Virtual Machine Specification"/>
    <property name="java.awt.printerjob" value="sun.lwawt.macosx.CPrinterJob"/>
    <property name="sun.os.patch.level" value="unknown"/>
    <property name="java.library.path" value="/Users/parthasarathysundararajan/Library/Java/Extensions:/Library/Java/Extensions:/Network/Library/Java/Extensions:/System/Library/Java/Extensions:/usr/lib/java:."/>
    <property name="java.vm.info" value="mixed mode"/>
    <property name="java.vendor" value="Apple Inc."/>
    <property name="java.vm.version" value="11.0.15+10-LTS"/>
    <property name="sun.io.unicode.encoding" value="UnicodeBig"/>
    <property name="java.class.version" value="55.0"/>
  </properties>
  <testcase name="shouldAnswerWithTrue" classname="com.selenium.assignment.selenium_assingment.AppTest" time="0.001"/>
</testsuite>